<?xml version="1.0" encoding="UTF-8"?>
<!-- Generated by org.testng.reporters.JUnitXMLReporter -->
<testsuite ignored="0" hostname="Gopi" failures="0" tests="3" name="Default test" time="0.103" errors="0" timestamp="2022-02-03T07:59:48 GMT">
  <testcase classname="testNGPractice.Dependencies" name="highSchool" time="0.014"/>
  <testcase classname="testNGPractice.Dependencies" name="higherSecondarySchool" time="0.004"/>
  <testcase classname="testNGPractice.Dependencies" name="Engineering" time="0.002"/>
</testsuite> <!-- Default test -->
