<?xml version="1.0" encoding="UTF-8"?>
<testng-results ignored="0" total="2" passed="2" failed="0" skipped="0">
  <reporter-output>
  </reporter-output>
  <suite started-at="2022-02-07T16:27:58 GMT" name="Test Suite" finished-at="2022-02-07T16:28:04 GMT" duration-ms="5847">
    <groups>
    </groups>
    <test started-at="2022-02-07T16:27:58 GMT" name="Test Cases" finished-at="2022-02-07T16:28:04 GMT" duration-ms="5847">
      <class name="testNGPractice.ParallelTesting">
        <test-method signature="openGoogle()[pri:0, instance:testNGPractice.ParallelTesting@3d51f06e]" started-at="2022-02-07T16:27:58 GMT" name="openGoogle" finished-at="2022-02-07T16:28:04 GMT" duration-ms="5776" status="PASS">
          <reporter-output>
          </reporter-output>
        </test-method> <!-- openGoogle -->
        <test-method signature="openBing()[pri:0, instance:testNGPractice.ParallelTesting@3d51f06e]" started-at="2022-02-07T16:27:58 GMT" name="openBing" finished-at="2022-02-07T16:28:04 GMT" duration-ms="5775" status="PASS">
          <reporter-output>
          </reporter-output>
        </test-method> <!-- openBing -->
      </class> <!-- testNGPractice.ParallelTesting -->
    </test> <!-- Test Cases -->
  </suite> <!-- Test Suite -->
</testng-results>
