<?xml version="1.0" encoding="UTF-8"?>
<!-- Generated by org.testng.reporters.JUnitXMLReporter -->
<testsuite ignored="1" hostname="Gopi" failures="0" tests="13" name="Test" time="4.413" errors="0" timestamp="2022-02-03T11:36:29 GMT">
  <testcase classname="testNGPractice.NewTest" name="firstTestcase" time="0.006"/>
  <testcase classname="testNGPractice.NewTest" name="secondTestcase" time="0.002"/>
  <testcase classname="testNGPractice.NewTest" name="thirdTestcase" time="0.002"/>
  <testcase classname="testNGPractice.NewTest" name="fourthTestcase" time="0.002"/>
  <testcase classname="testNGPractice.SkipATest" name="firstTestcase" time="0.007"/>
  <testcase classname="testNGPractice.SkipATest" name="secondTestcase" time="0.008"/>
  <testcase classname="testNGPractice.SkipATest" name="fourthTestcase" time="0.002"/>
  <testcase classname="testNGPractice.Dependencies" name="highSchool" time="0.005"/>
  <testcase classname="testNGPractice.Dependencies" name="higherSecondarySchool" time="0.002"/>
  <testcase classname="testNGPractice.Dependencies" name="Engineering" time="0.002"/>
  <testcase classname="testNGPractice.Suite" name="openBing" time="1.51"/>
  <testcase classname="testNGPractice.Suite" name="openGoogle" time="1.961"/>
  <testcase classname="testNGPractice.Suite" name="openYahoo" time="0.763"/>
  <testcase classname="testNGPractice.SkipATest" name="thirdTestcase" time="0.0">
    <ignored/>
  </testcase> <!-- thirdTestcase -->
</testsuite> <!-- Test -->
